<?xml version="1.0" encoding="UTF-8"?>
<!-- Generated by org.testng.reporters.JUnitReportReporter -->
<testsuite skipped="0" hostname="DESKTOP-399M7VK" name="com.facebook.testcases.LoginTest" tests="1" failures="0" timestamp="18 Feb 2020 23:31:45 GMT" time="14.307" errors="0">
  <testcase name="BrowserTest" time="14.307" classname="com.facebook.testcases.LoginTest"/>
</testsuite> <!-- com.facebook.testcases.LoginTest -->
