<?xml version="1.0" encoding="UTF-8"?>
<!-- Generated by org.testng.reporters.JUnitReportReporter -->
<testsuite skipped="0" hostname="DESKTOP-399M7VK" name="com.facebook.pagefunctionality.PagefunctionWithout_Framework" tests="1" failures="0" timestamp="16 Feb 2020 18:07:52 GMT" time="20.233" errors="0">
  <testcase name="loginTest" time="20.233" classname="com.facebook.pagefunctionality.PagefunctionWithout_Framework"/>
</testsuite> <!-- com.facebook.pagefunctionality.PagefunctionWithout_Framework -->
